platforms/android/app/build/intermediates/manifest_merge_blame_file/debug/processDebugMainManifest/manifest-merger-blame-debug-report.txt
1<?xml version="1.0" encoding="utf-8"?>
2<manifest xmlns:android="http://schemas.android.com/apk/res/android"
3    package="com.curb.trillboards"
4    android:hardwareAccelerated="true"
5    android:versionCode="10000"
6    android:versionName="1.0.0" >
7
8    <uses-sdk
9        android:minSdkVersion="24"
10        android:targetSdkVersion="34" />
11
12    <supports-screens
12-->src\main\AndroidManifest.xml:3:5-191
13        android:anyDensity="true"
13-->src\main\AndroidManifest.xml:3:23-48
14        android:largeScreens="true"
14-->src\main\AndroidManifest.xml:3:49-76
15        android:normalScreens="true"
15-->src\main\AndroidManifest.xml:3:77-105
16        android:resizeable="true"
16-->src\main\AndroidManifest.xml:3:106-131
17        android:smallScreens="true"
17-->src\main\AndroidManifest.xml:3:132-159
18        android:xlargeScreens="true" />
18-->src\main\AndroidManifest.xml:3:160-188
19
20    <uses-permission android:name="android.permission.INTERNET" />
20-->src\main\AndroidManifest.xml:4:5-67
20-->src\main\AndroidManifest.xml:4:22-64
21    <uses-permission android:name="android.permission.ACCESS_COARSE_LOCATION" />
21-->src\main\AndroidManifest.xml:5:5-81
21-->src\main\AndroidManifest.xml:5:22-78
22    <uses-permission android:name="android.permission.ACCESS_FINE_LOCATION" />
22-->src\main\AndroidManifest.xml:6:5-79
22-->src\main\AndroidManifest.xml:6:22-76
23    <uses-permission android:name="android.permission.WAKE_LOCK" />
23-->src\main\AndroidManifest.xml:7:5-68
23-->src\main\AndroidManifest.xml:7:22-65
24    <uses-permission android:name="android.permission.FOREGROUND_SERVICE" />
24-->src\main\AndroidManifest.xml:8:5-77
24-->src\main\AndroidManifest.xml:8:22-74
25    <uses-permission android:name="android.permission.FOREGROUND_SERVICE_MEDIA_PLAYBACK" />
25-->src\main\AndroidManifest.xml:9:5-92
25-->src\main\AndroidManifest.xml:9:22-89
26
27    <queries>
27-->src\main\AndroidManifest.xml:22:5-26:15
28        <intent>
28-->src\main\AndroidManifest.xml:23:9-25:18
29            <action android:name="android.media.action.IMAGE_CAPTURE" />
29-->src\main\AndroidManifest.xml:24:13-73
29-->src\main\AndroidManifest.xml:24:21-70
30        </intent>
31    </queries>
32
33    <permission
33-->[androidx.core:core:1.9.0] AndroidManifest.xml:22:5-24:47
34        android:name="com.curb.trillboards.DYNAMIC_RECEIVER_NOT_EXPORTED_PERMISSION"
34-->[androidx.core:core:1.9.0] AndroidManifest.xml:23:9-81
35        android:protectionLevel="signature" />
35-->[androidx.core:core:1.9.0] AndroidManifest.xml:24:9-44
36
37    <uses-permission android:name="com.curb.trillboards.DYNAMIC_RECEIVER_NOT_EXPORTED_PERMISSION" />
37-->[androidx.core:core:1.9.0] AndroidManifest.xml:26:5-97
37-->[androidx.core:core:1.9.0] AndroidManifest.xml:26:22-94
38
39    <application
39-->src\main\AndroidManifest.xml:10:5-21:19
40        android:appComponentFactory="androidx.core.app.CoreComponentFactory"
40-->[androidx.core:core:1.9.0] AndroidManifest.xml:28:18-86
41        android:debuggable="true"
42        android:extractNativeLibs="false"
43        android:hardwareAccelerated="true"
43-->src\main\AndroidManifest.xml:10:18-52
44        android:icon="@mipmap/ic_launcher"
44-->src\main\AndroidManifest.xml:10:53-87
45        android:label="@string/app_name"
45-->src\main\AndroidManifest.xml:10:88-120
46        android:supportsRtl="true" >
46-->src\main\AndroidManifest.xml:10:121-147
47        <activity
47-->src\main\AndroidManifest.xml:11:9-16:20
48            android:name="com.curb.trillboards.MainActivity"
48-->src\main\AndroidManifest.xml:11:229-256
49            android:configChanges="orientation|keyboardHidden|keyboard|screenSize|locale|smallestScreenSize|screenLayout|uiMode"
49-->src\main\AndroidManifest.xml:11:19-135
50            android:exported="true"
50-->src\main\AndroidManifest.xml:11:136-159
51            android:label="@string/activity_name"
51-->src\main\AndroidManifest.xml:11:160-197
52            android:launchMode="singleTop"
52-->src\main\AndroidManifest.xml:11:198-228
53            android:theme="@style/Theme.App.SplashScreen"
53-->src\main\AndroidManifest.xml:11:257-302
54            android:windowSoftInputMode="adjustResize" >
54-->src\main\AndroidManifest.xml:11:303-345
55            <intent-filter android:label="@string/launcher_name" >
55-->src\main\AndroidManifest.xml:12:13-15:29
55-->src\main\AndroidManifest.xml:12:28-65
56                <action android:name="android.intent.action.MAIN" />
56-->src\main\AndroidManifest.xml:13:17-69
56-->src\main\AndroidManifest.xml:13:25-66
57
58                <category android:name="android.intent.category.LAUNCHER" />
58-->src\main\AndroidManifest.xml:14:17-77
58-->src\main\AndroidManifest.xml:14:27-74
59            </intent-filter>
60        </activity>
61
62        <provider
63            android:name="androidx.core.content.FileProvider"
63-->src\main\AndroidManifest.xml:17:141-190
64            android:authorities="com.curb.trillboards.cdv.core.file.provider"
64-->src\main\AndroidManifest.xml:17:19-80
65            android:exported="false"
65-->src\main\AndroidManifest.xml:17:81-105
66            android:grantUriPermissions="true" >
66-->src\main\AndroidManifest.xml:17:106-140
67            <meta-data
67-->src\main\AndroidManifest.xml:18:13-130
68                android:name="android.support.FILE_PROVIDER_PATHS"
68-->src\main\AndroidManifest.xml:18:24-74
69                android:resource="@xml/cdv_core_file_provider_paths" />
69-->src\main\AndroidManifest.xml:18:75-127
70        </provider>
71
72        <service
72-->src\main\AndroidManifest.xml:20:9-169
73            android:name="com.curb.trillboards.AdService"
73-->src\main\AndroidManifest.xml:20:112-137
74            android:enabled="true"
74-->src\main\AndroidManifest.xml:20:18-40
75            android:exported="false"
75-->src\main\AndroidManifest.xml:20:41-65
76            android:foregroundServiceType="mediaPlayback"
76-->src\main\AndroidManifest.xml:20:66-111
77            android:stopWithTask="false" />
77-->src\main\AndroidManifest.xml:20:138-166
78
79        <provider
79-->[androidx.emoji2:emoji2:1.2.0] AndroidManifest.xml:24:9-32:20
80            android:name="androidx.startup.InitializationProvider"
80-->[androidx.emoji2:emoji2:1.2.0] AndroidManifest.xml:25:13-67
81            android:authorities="com.curb.trillboards.androidx-startup"
81-->[androidx.emoji2:emoji2:1.2.0] AndroidManifest.xml:26:13-68
82            android:exported="false" >
82-->[androidx.emoji2:emoji2:1.2.0] AndroidManifest.xml:27:13-37
83            <meta-data
83-->[androidx.emoji2:emoji2:1.2.0] AndroidManifest.xml:29:13-31:52
84                android:name="androidx.emoji2.text.EmojiCompatInitializer"
84-->[androidx.emoji2:emoji2:1.2.0] AndroidManifest.xml:30:17-75
85                android:value="androidx.startup" />
85-->[androidx.emoji2:emoji2:1.2.0] AndroidManifest.xml:31:17-49
86            <meta-data
86-->[androidx.lifecycle:lifecycle-process:2.4.1] AndroidManifest.xml:31:13-33:52
87                android:name="androidx.lifecycle.ProcessLifecycleInitializer"
87-->[androidx.lifecycle:lifecycle-process:2.4.1] AndroidManifest.xml:32:17-78
88                android:value="androidx.startup" />
88-->[androidx.lifecycle:lifecycle-process:2.4.1] AndroidManifest.xml:33:17-49
89        </provider>
90    </application>
91
92</manifest>